comp4521_App/app/build/intermediates/manifest_merge_blame_file/debug/manifest-merger-blame-debug-report.txt
1<?xml version="1.0" encoding="utf-8"?>
2<manifest xmlns:android="http://schemas.android.com/apk/res/android"
3    package="com.example.project"
4    android:versionCode="1"
5    android:versionName="1.0" >
6
7    <uses-sdk
8        android:minSdkVersion="21"
8-->src\main\AndroidManifest.xml
9        android:targetSdkVersion="32" />
9-->src\main\AndroidManifest.xml
10
11    <application
11-->src\main\AndroidManifest.xml:5:5-53:19
12        android:allowBackup="true"
12-->src\main\AndroidManifest.xml:6:9-35
13        android:appComponentFactory="androidx.core.app.CoreComponentFactory"
13-->[androidx.core:core:1.7.0] AndroidManifest.xml:24:18-86
14        android:debuggable="true"
15        android:icon="@mipmap/ic_launcher"
15-->src\main\AndroidManifest.xml:7:9-43
16        android:label="@string/app_name"
16-->src\main\AndroidManifest.xml:8:9-41
17        android:roundIcon="@mipmap/ic_launcher_round"
17-->src\main\AndroidManifest.xml:9:9-54
18        android:supportsRtl="true"
18-->src\main\AndroidManifest.xml:10:9-35
19        android:theme="@style/Theme.Project" >
19-->src\main\AndroidManifest.xml:11:9-45
20        <activity
20-->src\main\AndroidManifest.xml:12:9-18:20
21            android:name="com.example.project.EditActivity"
21-->src\main\AndroidManifest.xml:13:13-41
22            android:exported="false" >
22-->src\main\AndroidManifest.xml:14:13-37
23            <meta-data
23-->src\main\AndroidManifest.xml:15:13-17:49
24                android:name="android.support.PARENT_ACTIVITY"
24-->src\main\AndroidManifest.xml:16:17-63
25                android:value=".MemoActivity" />
25-->src\main\AndroidManifest.xml:17:17-46
26        </activity>
27        <activity
27-->src\main\AndroidManifest.xml:19:9-25:20
28            android:name="com.example.project.DetailsActivity"
28-->src\main\AndroidManifest.xml:20:13-44
29            android:exported="false" >
29-->src\main\AndroidManifest.xml:21:13-37
30            <meta-data
30-->src\main\AndroidManifest.xml:15:13-17:49
31                android:name="android.support.PARENT_ACTIVITY"
31-->src\main\AndroidManifest.xml:16:17-63
32                android:value=".MemoActivity" />
32-->src\main\AndroidManifest.xml:17:17-46
33        </activity>
34        <activity
34-->src\main\AndroidManifest.xml:26:9-32:20
35            android:name="com.example.project.AddNote"
35-->src\main\AndroidManifest.xml:27:13-36
36            android:exported="false" >
36-->src\main\AndroidManifest.xml:28:13-37
37            <meta-data
37-->src\main\AndroidManifest.xml:15:13-17:49
38                android:name="android.support.PARENT_ACTIVITY"
38-->src\main\AndroidManifest.xml:16:17-63
39                android:value=".MemoActivity" />
39-->src\main\AndroidManifest.xml:17:17-46
40        </activity>
41        <activity
41-->src\main\AndroidManifest.xml:33:9-36:20
42            android:name="com.example.project.MainActivity"
42-->src\main\AndroidManifest.xml:34:13-41
43            android:exported="false" >
43-->src\main\AndroidManifest.xml:35:13-37
44        </activity>
45        <activity
45-->src\main\AndroidManifest.xml:37:9-44:20
46            android:name="com.example.project.SplashActivity"
46-->src\main\AndroidManifest.xml:37:19-49
47            android:exported="true" >
47-->src\main\AndroidManifest.xml:38:13-36
48            <intent-filter>
48-->src\main\AndroidManifest.xml:39:13-43:29
49                <action android:name="android.intent.action.MAIN" />
49-->src\main\AndroidManifest.xml:40:17-69
49-->src\main\AndroidManifest.xml:40:25-66
50
51                <category android:name="android.intent.category.LAUNCHER" />
51-->src\main\AndroidManifest.xml:42:17-77
51-->src\main\AndroidManifest.xml:42:27-74
52            </intent-filter>
53        </activity>
54        <activity android:name="com.example.project.ToDoActivity" />
54-->src\main\AndroidManifest.xml:45:9-50
54-->src\main\AndroidManifest.xml:45:19-47
55        <activity android:name="com.example.project.ScheduleActivity" />
55-->src\main\AndroidManifest.xml:46:9-54
55-->src\main\AndroidManifest.xml:46:19-51
56        <activity android:name="com.example.project.MemoActivity" />
56-->src\main\AndroidManifest.xml:47:9-50
56-->src\main\AndroidManifest.xml:47:19-47
57
58        <receiver
58-->src\main\AndroidManifest.xml:49:9-52:39
59            android:name="com.example.project.AlarmReciver"
59-->src\main\AndroidManifest.xml:50:13-41
60            android:enabled="true"
60-->src\main\AndroidManifest.xml:51:13-35
61            android:exported="true" />
61-->src\main\AndroidManifest.xml:52:13-36
62
63        <provider
63-->[androidx.emoji2:emoji2:1.0.0] AndroidManifest.xml:26:9-34:20
64            android:name="androidx.startup.InitializationProvider"
64-->[androidx.emoji2:emoji2:1.0.0] AndroidManifest.xml:27:13-67
65            android:authorities="com.example.project.androidx-startup"
65-->[androidx.emoji2:emoji2:1.0.0] AndroidManifest.xml:28:13-68
66            android:exported="false" >
66-->[androidx.emoji2:emoji2:1.0.0] AndroidManifest.xml:29:13-37
67            <meta-data
67-->[androidx.emoji2:emoji2:1.0.0] AndroidManifest.xml:31:13-33:52
68                android:name="androidx.emoji2.text.EmojiCompatInitializer"
68-->[androidx.emoji2:emoji2:1.0.0] AndroidManifest.xml:32:17-75
69                android:value="androidx.startup" />
69-->[androidx.emoji2:emoji2:1.0.0] AndroidManifest.xml:33:17-49
70            <meta-data
70-->[androidx.lifecycle:lifecycle-process:2.4.0] AndroidManifest.xml:31:13-33:52
71                android:name="androidx.lifecycle.ProcessLifecycleInitializer"
71-->[androidx.lifecycle:lifecycle-process:2.4.0] AndroidManifest.xml:32:17-78
72                android:value="androidx.startup" />
72-->[androidx.lifecycle:lifecycle-process:2.4.0] AndroidManifest.xml:33:17-49
73        </provider>
74    </application>
75
76</manifest>